2019-07-17 21:43:33,753 connect()
2019-07-17 21:43:34,810 connected
2019-07-17 21:43:35,513 request(POST,/trading/subscribe,{'models': 'Order'}) response(200:{"response":{"executed":true}})
2019-07-17 21:43:36,099 request(GET,/trading/get_model,{'models': 'Account'}) response(200:{"response":{"executed":true},"accounts":[{"t":6,"ratePrecision":0,"accountId":"648329","balance":504001.95,"usdMr":5000,"mc":"N","mcDate":"","accountName":"00648329","usdMr3":10000,"hedging":"Y","usableMargin3":494378.00345,"usableMarginPerc":99.00868,"usableMargin3Perc":98.01736,"equity":504378.00345,"usableMargin":499378.00345,"dayPL":-410.32655,"grossPL":376.05345},{"t":6,"ratePrecision":0,"accountId":"","balance":504001.95,"usdMr":5000,"mc":"","mcDate":null,"accountName":"","usdMr3":10000,"hedging":"","usableMargin3":494378.00345,"usableMarginPerc":99.00868,"usableMargin3Perc":98.01736,"equity":504378.00345,"usableMargin":499378.00345,"dayPL":-410.32655,"grossPL":376.05345,"isTotal":true}]})
2019-07-17 21:43:36,099 running an order...
2019-07-17 21:43:36,700 got positionID: 116089286
2019-07-17 21:43:36,708 request(POST,/trading/open_trade,{'account_id': '648329', 'symbol': 'EUR/USD', 'is_buy': 'true', 'amount': 100, 'time_in_force': 'FOK'}) response(200:{"response":{"executed":true},"data":{"type":0,"orderId":200777889}})
2019-07-17 21:43:40,294 request(POST,/trading/change_trade_stop_limit,{'trade_id': '116089286', 'is_stop': 'true', 'rate': -20}) response(200:{"response":{"executed":true},"data":{"type":0,"orderId":200777892}})
2019-07-17 21:43:40,896 request(POST,/trading/close_trade,{'trade_id': '116089286', 'amount': 100, 'order_type': 'AtMarket', 'time_in_force': 'FOK'}) response(200:{"response":{"executed":true},"data":{"type":0,"orderId":200777894}})
2019-07-17 21:53:40,896 running an order...
2019-07-17 21:55:41,482 exception: ('Connection aborted.', RemoteDisconnected('Remote end closed connection without response'))
2019-07-17 21:55:41,482 running an order...
2019-07-17 21:57:42,052 exception: ('Connection aborted.', RemoteDisconnected('Remote end closed connection without response'))
2019-07-17 21:57:42,052 running an order...
2019-07-17 21:59:42,669 exception: ('Connection aborted.', RemoteDisconnected('Remote end closed connection without response'))
2019-07-17 21:59:42,669 running an order...
2019-07-17 22:01:43,279 exception: ('Connection aborted.', RemoteDisconnected('Remote end closed connection without response'))
2019-07-17 22:01:43,279 running an order...
2019-07-17 22:03:43,888 exception: ('Connection aborted.', RemoteDisconnected('Remote end closed connection without response'))
2019-07-17 22:03:43,888 running an order...
2019-07-17 22:05:44,474 exception: ('Connection aborted.', RemoteDisconnected('Remote end closed connection without response'))
2019-07-17 22:05:44,474 running an order...
2019-07-17 22:07:45,060 exception: ('Connection aborted.', RemoteDisconnected('Remote end closed connection without response'))
2019-07-17 22:07:45,060 running an order...
2019-07-17 22:09:45,646 exception: ('Connection aborted.', RemoteDisconnected('Remote end closed connection without response'))
2019-07-17 22:09:45,646 running an order...
2019-07-17 22:11:46,255 exception: ('Connection aborted.', RemoteDisconnected('Remote end closed connection without response'))
2019-07-17 22:11:46,255 running an order...
2019-07-17 22:13:46,843 exception: ('Connection aborted.', RemoteDisconnected('Remote end closed connection without response'))
2019-07-17 22:13:46,843 running an order...
2019-07-17 22:15:47,445 exception: ('Connection aborted.', RemoteDisconnected('Remote end closed connection without response'))
2019-07-17 22:15:47,445 running an order...
2019-07-17 22:17:48,015 exception: ('Connection aborted.', RemoteDisconnected('Remote end closed connection without response'))
2019-07-17 22:17:48,015 running an order...
2019-07-17 22:19:48,593 exception: ('Connection aborted.', RemoteDisconnected('Remote end closed connection without response'))
2019-07-17 22:19:48,593 running an order...
2019-07-17 22:21:49,179 exception: ('Connection aborted.', RemoteDisconnected('Remote end closed connection without response'))
2019-07-17 22:21:49,179 running an order...
2019-07-17 22:23:49,796 exception: ('Connection aborted.', RemoteDisconnected('Remote end closed connection without response'))
2019-07-17 22:23:49,796 running an order...
2019-07-17 22:25:50,398 exception: ('Connection aborted.', RemoteDisconnected('Remote end closed connection without response'))
2019-07-17 22:25:50,398 running an order...
2019-07-17 22:27:50,991 exception: ('Connection aborted.', RemoteDisconnected('Remote end closed connection without response'))
2019-07-17 22:27:50,991 running an order...
2019-07-17 22:29:51,585 exception: ('Connection aborted.', RemoteDisconnected('Remote end closed connection without response'))
2019-07-17 22:29:51,585 running an order...
2019-07-17 22:31:52,163 exception: ('Connection aborted.', RemoteDisconnected('Remote end closed connection without response'))
2019-07-17 22:31:52,163 running an order...
2019-07-17 22:33:52,749 exception: ('Connection aborted.', RemoteDisconnected('Remote end closed connection without response'))
2019-07-17 22:33:52,749 running an order...
2019-07-17 22:35:53,320 exception: ('Connection aborted.', RemoteDisconnected('Remote end closed connection without response'))
2019-07-17 22:35:53,320 running an order...
2019-07-17 22:37:53,913 exception: ('Connection aborted.', RemoteDisconnected('Remote end closed connection without response'))
2019-07-17 22:37:53,913 running an order...
2019-07-17 22:39:54,507 exception: ('Connection aborted.', RemoteDisconnected('Remote end closed connection without response'))
2019-07-17 22:39:54,507 running an order...
2019-07-17 22:41:55,093 exception: ('Connection aborted.', RemoteDisconnected('Remote end closed connection without response'))
2019-07-17 22:41:55,093 running an order...
2019-07-17 22:43:55,671 exception: ('Connection aborted.', RemoteDisconnected('Remote end closed connection without response'))
2019-07-17 22:43:55,671 running an order...
2019-07-17 22:45:56,343 exception: ('Connection aborted.', RemoteDisconnected('Remote end closed connection without response'))
2019-07-17 22:45:56,343 running an order...
